Using pre-set license
Built from '2020.3/release' branch; Version is '2020.3.12f1 (b3b2c6512326) revision 11776710'; Using compiler version '192528614'; Build Type 'Release'
OS: 'Windows 10 Home; OS build 19042.1052; Version 2009; 64bit' Language: 'en' Physical Memory: 12191 MB
BatchMode: 1, IsHumanControllingUs: 0, StartBugReporterOnCrash: 0, Is64bit: 1, IsPro: 0

 COMMAND LINE ARGUMENTS:
C:\Program Files\Unity\Hub\Editor\2020.3.12f1\Editor\Unity.exe
-adb2
-batchMode
-noUpm
-name
AssetImportWorker0
-projectPath
C:/Users/romme/Documents/Unity Projects/ThirdPersonController/ThirdPersonController
-logFile
Logs/AssetImportWorker0.log
-srvPort
56525
Successfully changed project path to: C:/Users/romme/Documents/Unity Projects/ThirdPersonController/ThirdPersonController
C:/Users/romme/Documents/Unity Projects/ThirdPersonController/ThirdPersonController
Using Asset Import Pipeline V2.
Refreshing native plugins compatible for Editor in 94.12 ms, found 2 plugins.
Preloading 0 native plugins for Editor in 0.00 ms.
Initialize engine version: 2020.3.12f1 (b3b2c6512326)
[Subsystems] Discovering subsystems at path C:/Program Files/Unity/Hub/Editor/2020.3.12f1/Editor/Data/Resources/UnitySubsystems
[Subsystems] Discovering subsystems at path C:/Users/romme/Documents/Unity Projects/ThirdPersonController/ThirdPersonController/Assets
GfxDevice: creating device client; threaded=0
Direct3D:
    Version:  Direct3D 11.0 [level 11.0]
    Renderer: NVIDIA GeForce 940M (ID=0x1347)
    Vendor:   
    VRAM:     2020 MB
    Driver:   23.21.13.8857
Initialize mono
Mono path[0] = 'C:/Program Files/Unity/Hub/Editor/2020.3.12f1/Editor/Data/Managed'
Mono path[1] = 'C:/Program Files/Unity/Hub/Editor/2020.3.12f1/Editor/Data/MonoBleedingEdge/lib/mono/unityjit'
Mono config path = 'C:/Program Files/Unity/Hub/Editor/2020.3.12f1/Editor/Data/MonoBleedingEdge/etc'
Using monoOptions --debugger-agent=transport=dt_socket,embedding=1,server=y,suspend=n,address=127.0.0.1:56096
Begin MonoManager ReloadAssembly
Registering precompiled unity dll's ...
Register platform support module: C:/Program Files/Unity/Hub/Editor/2020.3.12f1/Editor/Data/PlaybackEngines/WebGLSupport/UnityEditor.WebGL.Extensions.dll
Register platform support module: C:/Program Files/Unity/Hub/Editor/2020.3.12f1/Editor/Data/PlaybackEngines/WindowsStandaloneSupport/UnityEditor.WindowsStandalone.Extensions.dll
Registered in 0.003549 seconds.
Native extension for WindowsStandalone target not found
Native extension for WebGL target not found
Refreshing native plugins compatible for Editor in 55.62 ms, found 2 plugins.
Preloading 0 native plugins for Editor in 0.00 ms.
Mono: successfully reloaded assembly
- Completed reload, in  2.901 seconds
Platform modules already initialized, skipping
Registering precompiled user dll's ...
Registered in 0.005630 seconds.
Begin MonoManager ReloadAssembly
Native extension for WindowsStandalone target not found
Native extension for WebGL target not found
Refreshing native plugins compatible for Editor in 48.13 ms, found 2 plugins.
Preloading 0 native plugins for Editor in 0.00 ms.
Mono: successfully reloaded assembly
- Completed reload, in  1.680 seconds
Platform modules already initialized, skipping
========================================================================
Worker process is ready to serve import requests
Launched and connected shader compiler UnityShaderCompiler.exe after 0.08 seconds
Refreshing native plugins compatible for Editor in 0.48 ms, found 2 plugins.
Preloading 0 native plugins for Editor in 0.00 ms.
Unloading 1852 Unused Serialized files (Serialized files now loaded: 0)
System memory in use before: 82.4 MB.
System memory in use after: 82.5 MB.

Unloading 22 unused Assets to reduce memory usage. Loaded Objects now: 2287.
Total: 3.854900 ms (FindLiveObjects: 0.260700 ms CreateObjectMapping: 0.090600 ms MarkObjects: 3.357700 ms  DeleteObjects: 0.144400 ms)

AssetImportParameters requested are different than current active one (requested -> active):
  custom:framework-win-MediaFoundation: 216162199b28c13a410421893ffa2e32 -> 
  custom:video-decoder-ogg-theora: a1e56fd34408186e4bbccfd4996cb3dc -> 
  custom:container-muxer-webm: aa71ff27fc2769a1b78a27578f13a17b -> 
  custom:container-demuxer-webm: 4f35f7cbe854078d1ac9338744f61a02 -> 
  custom:container-demuxer-ogg: 62fdf1f143b41e24485cea50d1cbac27 -> 
  custom:video-encoder-webm-vp8: eb34c28f22e8b96e1ab97ce403110664 -> 
  custom:video-decoder-webm-vp8: 9c59270c3fd7afecdb556c50c9e8de78 -> 
  custom:audio-decoder-ogg-vorbis: bf7c407c2cedff20999df2af8eb42d56 -> 
  custom:audio-encoder-webm-vorbis: bf7c407c2cedff20999df2af8eb42d56 -> 
========================================================================
Received Import Request.
  path: Assets/Samples/Input System/1.0.2/Rebinding UI/RebindingUISampleScene.unity
  artifactKey: Guid(f6995f4eab80237489ce6962c13d8372) Importer(815301076,1909f56bfc062723c751e8b465ee728b)
Start importing Assets/Samples/Input System/1.0.2/Rebinding UI/RebindingUISampleScene.unity using Guid(f6995f4eab80237489ce6962c13d8372) Importer(815301076,1909f56bfc062723c751e8b465ee728b)  -> (artifact id: 'abadecd9f22abadbe35dd167f790408b') in 0.038702 seconds 
  Import took 0.045652 seconds .

========================================================================
Received Import Request.
  Time since last request: 0.000271 seconds.
  path: Assets/Samples/Input System/1.0.2/Rebinding UI/RebindUIPrefab.prefab
  artifactKey: Guid(f25dcd618d3acd64795bf8bb32edb6c9) Importer(815301076,1909f56bfc062723c751e8b465ee728b)
Start importing Assets/Samples/Input System/1.0.2/Rebinding UI/RebindUIPrefab.prefab using Guid(f25dcd618d3acd64795bf8bb32edb6c9) Importer(815301076,1909f56bfc062723c751e8b465ee728b)  -> (artifact id: '586550f92e2a2a86be51583de48bddc1') in 0.101476 seconds 
  Import took 0.108532 seconds .

========================================================================
Received Import Request.
  Time since last request: 4.366680 seconds.
  path: Assets/Samples/Input System/1.0.2/Rebinding UI/GamepadIconsExample.cs
  artifactKey: Guid(84cd9b84e0604a9abafb77712f1df90a) Importer(815301076,1909f56bfc062723c751e8b465ee728b)
Start importing Assets/Samples/Input System/1.0.2/Rebinding UI/GamepadIconsExample.cs using Guid(84cd9b84e0604a9abafb77712f1df90a) Importer(815301076,1909f56bfc062723c751e8b465ee728b)  -> (artifact id: '419bdf2709a858efb6e5091eade9640f') in 0.035416 seconds 
  Import took 0.042149 seconds .

========================================================================
Received Import Request.
  Time since last request: 3.180615 seconds.
  path: Assets/Samples/Input System/1.0.2/Rebinding UI/README.md
  artifactKey: Guid(986714cc7e144e9d8c01496d4b2687d4) Importer(815301076,1909f56bfc062723c751e8b465ee728b)
Start importing Assets/Samples/Input System/1.0.2/Rebinding UI/README.md using Guid(986714cc7e144e9d8c01496d4b2687d4) Importer(815301076,1909f56bfc062723c751e8b465ee728b)  -> (artifact id: '40c793383fb1f1395a958fc6cc066a10') in 0.040014 seconds 
  Import took 0.049984 seconds .

========================================================================
Received Import Request.
  Time since last request: 17.278065 seconds.
  path: Assets/Samples/Input System/1.0.2/Rebinding UI/RebindActionUI.cs
  artifactKey: Guid(cc11d99b1a6682f4cbc4aba1fcd9ac5d) Importer(815301076,1909f56bfc062723c751e8b465ee728b)
Start importing Assets/Samples/Input System/1.0.2/Rebinding UI/RebindActionUI.cs using Guid(cc11d99b1a6682f4cbc4aba1fcd9ac5d) Importer(815301076,1909f56bfc062723c751e8b465ee728b)  -> (artifact id: 'b3971a351433ac2a4cb1c63e6f477e08') in 0.011738 seconds 
  Import took 0.019650 seconds .

========================================================================
Received Import Request.
  Time since last request: 0.002442 seconds.
  path: Assets/Samples/Input System/1.0.2/Rebinding UI/RebindActionUI.cs
  artifactKey: Guid(cc11d99b1a6682f4cbc4aba1fcd9ac5d) Importer(815301076,1909f56bfc062723c751e8b465ee728b)
Start importing Assets/Samples/Input System/1.0.2/Rebinding UI/RebindActionUI.cs using Guid(cc11d99b1a6682f4cbc4aba1fcd9ac5d) Importer(815301076,1909f56bfc062723c751e8b465ee728b)  -> (artifact id: 'b3971a351433ac2a4cb1c63e6f477e08') in 0.007777 seconds 
  Import took 0.013248 seconds .

========================================================================
Received Import Request.
  Time since last request: 42.482009 seconds.
  path: Assets/Samples/Input System/1.0.2/Simple Demo/SimpleController_UsingState.cs
  artifactKey: Guid(6530e5fa6e7bd4c9d99219c476807b5e) Importer(815301076,1909f56bfc062723c751e8b465ee728b)
Start importing Assets/Samples/Input System/1.0.2/Simple Demo/SimpleController_UsingState.cs using Guid(6530e5fa6e7bd4c9d99219c476807b5e) Importer(815301076,1909f56bfc062723c751e8b465ee728b)  -> (artifact id: '2352e9d12eaabe7c6bff8d1954d20004') in 0.014520 seconds 
  Import took 0.022170 seconds .

========================================================================
Received Prepare
Registering precompiled user dll's ...
Registered in 0.005161 seconds.
Begin MonoManager ReloadAssembly
Native extension for WindowsStandalone target not found
Native extension for WebGL target not found
Refreshing native plugins compatible for Editor in 0.46 ms, found 2 plugins.
Preloading 0 native plugins for Editor in 0.00 ms.
Mono: successfully reloaded assembly
- Completed reload, in  1.597 seconds
Platform modules already initialized, skipping
Refreshing native plugins compatible for Editor in 0.47 ms, found 2 plugins.
Preloading 0 native plugins for Editor in 0.00 ms.
Unloading 1845 Unused Serialized files (Serialized files now loaded: 0)
System memory in use before: 82.5 MB.
System memory in use after: 82.6 MB.

Unloading 16 unused Assets to reduce memory usage. Loaded Objects now: 2292.
Total: 3.356600 ms (FindLiveObjects: 0.224500 ms CreateObjectMapping: 0.119900 ms MarkObjects: 2.944700 ms  DeleteObjects: 0.066000 ms)

AssetImportParameters requested are different than current active one (requested -> active):
  custom:framework-win-MediaFoundation: 216162199b28c13a410421893ffa2e32 -> 
  custom:video-decoder-ogg-theora: a1e56fd34408186e4bbccfd4996cb3dc -> 
  custom:container-muxer-webm: aa71ff27fc2769a1b78a27578f13a17b -> 
  custom:container-demuxer-webm: 4f35f7cbe854078d1ac9338744f61a02 -> 
  custom:container-demuxer-ogg: 62fdf1f143b41e24485cea50d1cbac27 -> 
  custom:video-encoder-webm-vp8: eb34c28f22e8b96e1ab97ce403110664 -> 
  custom:video-decoder-webm-vp8: 9c59270c3fd7afecdb556c50c9e8de78 -> 
  custom:audio-decoder-ogg-vorbis: bf7c407c2cedff20999df2af8eb42d56 -> 
  custom:audio-encoder-webm-vorbis: bf7c407c2cedff20999df2af8eb42d56 -> 
========================================================================
Received Import Request.
  Time since last request: 436.580106 seconds.
  path: Assets/Samples/Input System/1.0.2/Input Recorder/README.md
  artifactKey: Guid(c7efc8d27cb74c05a04933d66f7f8062) Importer(815301076,1909f56bfc062723c751e8b465ee728b)
Start importing Assets/Samples/Input System/1.0.2/Input Recorder/README.md using Guid(c7efc8d27cb74c05a04933d66f7f8062) Importer(815301076,1909f56bfc062723c751e8b465ee728b)  -> (artifact id: 'ac4ebe2da24df2f1999b9fc5c0921dfe') in 0.029124 seconds 
  Import took 0.034638 seconds .

========================================================================
Received Import Request.
  Time since last request: 29.720217 seconds.
  path: Assets/Samples/Input System/1.0.2/Custom Device/CustomDevice.cs
  artifactKey: Guid(c625211b3160b43799de4bd3f6ff4a54) Importer(815301076,1909f56bfc062723c751e8b465ee728b)
Start importing Assets/Samples/Input System/1.0.2/Custom Device/CustomDevice.cs using Guid(c625211b3160b43799de4bd3f6ff4a54) Importer(815301076,1909f56bfc062723c751e8b465ee728b)  -> (artifact id: '8ce80f80cf8cc952524571652c3e4abf') in 0.011034 seconds 
  Import took 0.020819 seconds .

========================================================================
Received Import Request.
  Time since last request: 2.143080 seconds.
  path: Assets/Samples/Input System/1.0.2/Custom Device/README.md
  artifactKey: Guid(2c783a24fcae4266ae1b3430c0dc4433) Importer(815301076,1909f56bfc062723c751e8b465ee728b)
Start importing Assets/Samples/Input System/1.0.2/Custom Device/README.md using Guid(2c783a24fcae4266ae1b3430c0dc4433) Importer(815301076,1909f56bfc062723c751e8b465ee728b)  -> (artifact id: 'da7b112bf502f17c15bd20249916ae5b') in 0.007759 seconds 
  Import took 0.014140 seconds .

========================================================================
Received Import Request.
  Time since last request: 11.325734 seconds.
  path: Assets/Samples/Input System/1.0.2/Gamepad Mouse Cursor/README.md
  artifactKey: Guid(12394b570bf2e894890bf79b26b84620) Importer(815301076,1909f56bfc062723c751e8b465ee728b)
Start importing Assets/Samples/Input System/1.0.2/Gamepad Mouse Cursor/README.md using Guid(12394b570bf2e894890bf79b26b84620) Importer(815301076,1909f56bfc062723c751e8b465ee728b)  -> (artifact id: '306d76b14e86a3713999d60e3740f0c2') in 0.007423 seconds 
  Import took 0.013923 seconds .

========================================================================
Received Import Request.
  Time since last request: 28.237287 seconds.
  path: Assets/Samples/Input System/1.0.2/In-Game Hints/InGameHintsActions.cs
  artifactKey: Guid(30718f5974310d148a77ab1e420b1b83) Importer(815301076,1909f56bfc062723c751e8b465ee728b)
Start importing Assets/Samples/Input System/1.0.2/In-Game Hints/InGameHintsActions.cs using Guid(30718f5974310d148a77ab1e420b1b83) Importer(815301076,1909f56bfc062723c751e8b465ee728b)  -> (artifact id: 'a9243311f317f09e2767e48c3b406667') in 0.010445 seconds 
  Import took 0.016601 seconds .

========================================================================
Received Import Request.
  Time since last request: 0.004578 seconds.
  path: Assets/Samples/Input System/1.0.2/In-Game Hints/InGameHintsActions.cs
  artifactKey: Guid(30718f5974310d148a77ab1e420b1b83) Importer(815301076,1909f56bfc062723c751e8b465ee728b)
Start importing Assets/Samples/Input System/1.0.2/In-Game Hints/InGameHintsActions.cs using Guid(30718f5974310d148a77ab1e420b1b83) Importer(815301076,1909f56bfc062723c751e8b465ee728b)  -> (artifact id: 'a9243311f317f09e2767e48c3b406667') in 0.005803 seconds 
  Import took 0.010325 seconds .

========================================================================
Received Import Request.
  Time since last request: 1.863634 seconds.
  path: Assets/Samples/Input System/1.0.2/In-Game Hints/InGameHintsExample.cs
  artifactKey: Guid(f7157678e0953b24eb3ce108d2e34e37) Importer(815301076,1909f56bfc062723c751e8b465ee728b)
Start importing Assets/Samples/Input System/1.0.2/In-Game Hints/InGameHintsExample.cs using Guid(f7157678e0953b24eb3ce108d2e34e37) Importer(815301076,1909f56bfc062723c751e8b465ee728b)  -> (artifact id: '3a6bf1757fbc258e3dca6493eb66d4e9') in 0.012279 seconds 
  Import took 0.018644 seconds .

========================================================================
Received Import Request.
  Time since last request: 185.984148 seconds.
  path: Assets/Samples/Input System/1.0.2/Simple Demo/SimpleDemo_UsingState.unity
  artifactKey: Guid(3faa7bc12c6044a9c8e7796450744620) Importer(815301076,1909f56bfc062723c751e8b465ee728b)
Start importing Assets/Samples/Input System/1.0.2/Simple Demo/SimpleDemo_UsingState.unity using Guid(3faa7bc12c6044a9c8e7796450744620) Importer(815301076,1909f56bfc062723c751e8b465ee728b)  -> (artifact id: 'e81bed3f231990c6a3eab32cd9c40028') in 0.015744 seconds 
  Import took 0.024687 seconds .

========================================================================
Received Prepare
Registering precompiled user dll's ...
Registered in 0.005307 seconds.
Begin MonoManager ReloadAssembly
Native extension for WindowsStandalone target not found
Native extension for WebGL target not found
Refreshing native plugins compatible for Editor in 0.50 ms, found 2 plugins.
Preloading 0 native plugins for Editor in 0.00 ms.
Mono: successfully reloaded assembly
- Completed reload, in  1.452 seconds
Platform modules already initialized, skipping
Refreshing native plugins compatible for Editor in 0.52 ms, found 2 plugins.
Preloading 0 native plugins for Editor in 0.00 ms.
Unloading 1845 Unused Serialized files (Serialized files now loaded: 0)
System memory in use before: 82.5 MB.
System memory in use after: 82.6 MB.

Unloading 15 unused Assets to reduce memory usage. Loaded Objects now: 2295.
Total: 5.558500 ms (FindLiveObjects: 0.483300 ms CreateObjectMapping: 0.172200 ms MarkObjects: 4.811000 ms  DeleteObjects: 0.090400 ms)

AssetImportParameters requested are different than current active one (requested -> active):
  custom:framework-win-MediaFoundation: 216162199b28c13a410421893ffa2e32 -> 
  custom:video-decoder-ogg-theora: a1e56fd34408186e4bbccfd4996cb3dc -> 
  custom:container-muxer-webm: aa71ff27fc2769a1b78a27578f13a17b -> 
  custom:container-demuxer-webm: 4f35f7cbe854078d1ac9338744f61a02 -> 
  custom:container-demuxer-ogg: 62fdf1f143b41e24485cea50d1cbac27 -> 
  custom:video-encoder-webm-vp8: eb34c28f22e8b96e1ab97ce403110664 -> 
  custom:video-decoder-webm-vp8: 9c59270c3fd7afecdb556c50c9e8de78 -> 
  custom:audio-decoder-ogg-vorbis: bf7c407c2cedff20999df2af8eb42d56 -> 
  custom:audio-encoder-webm-vorbis: bf7c407c2cedff20999df2af8eb42d56 -> 
========================================================================
Received Import Request.
  Time since last request: 1121.252054 seconds.
  path: Assets/Scenes/GameScene.unity
  artifactKey: Guid(9fc0d4010bbf28b4594072e72b8655ab) Importer(815301076,1909f56bfc062723c751e8b465ee728b)
Start importing Assets/Scenes/GameScene.unity using Guid(9fc0d4010bbf28b4594072e72b8655ab) Importer(815301076,1909f56bfc062723c751e8b465ee728b)  -> (artifact id: 'dc1355b3f421e8342b8a3b078446103b') in 0.024807 seconds 
  Import took 0.029823 seconds .

========================================================================
Received Prepare
Registering precompiled user dll's ...
Registered in 0.006853 seconds.
Begin MonoManager ReloadAssembly
Native extension for WindowsStandalone target not found
Native extension for WebGL target not found
Refreshing native plugins compatible for Editor in 0.51 ms, found 2 plugins.
Preloading 0 native plugins for Editor in 0.00 ms.
Mono: successfully reloaded assembly
- Completed reload, in  1.554 seconds
Platform modules already initialized, skipping
Refreshing native plugins compatible for Editor in 0.49 ms, found 2 plugins.
Preloading 0 native plugins for Editor in 0.00 ms.
Unloading 1845 Unused Serialized files (Serialized files now loaded: 0)
System memory in use before: 82.5 MB.
System memory in use after: 82.6 MB.

Unloading 15 unused Assets to reduce memory usage. Loaded Objects now: 2298.
Total: 3.144800 ms (FindLiveObjects: 0.226100 ms CreateObjectMapping: 0.078000 ms MarkObjects: 2.756500 ms  DeleteObjects: 0.082700 ms)

AssetImportParameters requested are different than current active one (requested -> active):
  custom:framework-win-MediaFoundation: 216162199b28c13a410421893ffa2e32 -> 
  custom:video-decoder-ogg-theora: a1e56fd34408186e4bbccfd4996cb3dc -> 
  custom:container-muxer-webm: aa71ff27fc2769a1b78a27578f13a17b -> 
  custom:container-demuxer-webm: 4f35f7cbe854078d1ac9338744f61a02 -> 
  custom:container-demuxer-ogg: 62fdf1f143b41e24485cea50d1cbac27 -> 
  custom:video-encoder-webm-vp8: eb34c28f22e8b96e1ab97ce403110664 -> 
  custom:video-decoder-webm-vp8: 9c59270c3fd7afecdb556c50c9e8de78 -> 
  custom:audio-decoder-ogg-vorbis: bf7c407c2cedff20999df2af8eb42d56 -> 
  custom:audio-encoder-webm-vorbis: bf7c407c2cedff20999df2af8eb42d56 -> 
========================================================================
Received Import Request.
  Time since last request: 1369.182307 seconds.
  path: Assets/Samples/Input System/1.0.2/On-Screen Controls/Button.prefab
  artifactKey: Guid(05f32eddd3e41fd4597ada617b785928) Importer(815301076,1909f56bfc062723c751e8b465ee728b)
Start importing Assets/Samples/Input System/1.0.2/On-Screen Controls/Button.prefab using Guid(05f32eddd3e41fd4597ada617b785928) Importer(815301076,1909f56bfc062723c751e8b465ee728b)  -> (artifact id: 'c8bd8d2bc926a40707cb47bff5eb209d') in 0.077611 seconds 
  Import took 0.083282 seconds .

========================================================================
Received Import Request.
  Time since last request: 0.000346 seconds.
  path: Assets/Samples/Input System/1.0.2/Gamepad Mouse Cursor/GamepadMouseCursorUIActions.inputactions
  artifactKey: Guid(c2da68a33934478429331becc93eca32) Importer(815301076,1909f56bfc062723c751e8b465ee728b)
Start importing Assets/Samples/Input System/1.0.2/Gamepad Mouse Cursor/GamepadMouseCursorUIActions.inputactions using Guid(c2da68a33934478429331becc93eca32) Importer(815301076,1909f56bfc062723c751e8b465ee728b)  -> (artifact id: '61816fa12feddfca2b9fce4c8ce67bc8') in 0.029437 seconds 
  Import took 0.039305 seconds .

========================================================================
Received Import Request.
  Time since last request: 0.000406 seconds.
  path: Assets/Samples/Input System/1.0.2/In-Game Hints/InGameHintsActions.inputactions
  artifactKey: Guid(6bb4ca8e0c27ed041910c04f94cf6c7e) Importer(815301076,1909f56bfc062723c751e8b465ee728b)
Start importing Assets/Samples/Input System/1.0.2/In-Game Hints/InGameHintsActions.inputactions using Guid(6bb4ca8e0c27ed041910c04f94cf6c7e) Importer(815301076,1909f56bfc062723c751e8b465ee728b)  -> (artifact id: '2d3c4c44c17dbe772d644f7bb9bc46ca') in 0.010590 seconds 
  Import took 0.016650 seconds .

========================================================================
Received Import Request.
  Time since last request: 0.000408 seconds.
  path: Assets/Samples/Input System/1.0.2/Visualizers/SimpleControls.inputactions
  artifactKey: Guid(dc782cd8f65d34f0a9c0e85380a5b684) Importer(815301076,1909f56bfc062723c751e8b465ee728b)
Start importing Assets/Samples/Input System/1.0.2/Visualizers/SimpleControls.inputactions using Guid(dc782cd8f65d34f0a9c0e85380a5b684) Importer(815301076,1909f56bfc062723c751e8b465ee728b)  -> (artifact id: '24b0e010b9b9f6f128569743ee86b2a0') in 0.015496 seconds 
  Import took 0.023657 seconds .

========================================================================
Received Import Request.
  Time since last request: 0.000903 seconds.
  path: Assets/Samples/Input System/1.0.2/Visualizers/MouseVis.prefab
  artifactKey: Guid(76c62aa07f01945d4b9afdb34d7a3396) Importer(815301076,1909f56bfc062723c751e8b465ee728b)
Start importing Assets/Samples/Input System/1.0.2/Visualizers/MouseVis.prefab using Guid(76c62aa07f01945d4b9afdb34d7a3396) Importer(815301076,1909f56bfc062723c751e8b465ee728b)  -> (artifact id: '4ad7c13126bd26d18960c158417b2a13') in 0.023137 seconds 
  Import took 0.034357 seconds .

========================================================================
Received Import Request.
  Time since last request: 0.000333 seconds.
  path: Assets/Samples/Input System/1.0.2/Simple Demo/Environment.prefab
  artifactKey: Guid(b6b5f266028754740b00996b1ad8ce4e) Importer(815301076,1909f56bfc062723c751e8b465ee728b)
Start importing Assets/Samples/Input System/1.0.2/Simple Demo/Environment.prefab using Guid(b6b5f266028754740b00996b1ad8ce4e) Importer(815301076,1909f56bfc062723c751e8b465ee728b)  -> (artifact id: '5ee9414df95fe2911b542897ae913196') in 0.140140 seconds 
  Import took 0.145575 seconds .

========================================================================
Received Import Request.
  Time since last request: 0.000326 seconds.
  path: Assets/Samples/Input System/1.0.2/Visualizers/GamepadVis.prefab
  artifactKey: Guid(b8429651427a640919754290f3704312) Importer(815301076,1909f56bfc062723c751e8b465ee728b)
Start importing Assets/Samples/Input System/1.0.2/Visualizers/GamepadVis.prefab using Guid(b8429651427a640919754290f3704312) Importer(815301076,1909f56bfc062723c751e8b465ee728b)  -> (artifact id: '0b219f3a98908c74fa85857472ec8c51') in 0.018676 seconds 
  Import took 0.024676 seconds .

========================================================================
Received Import Request.
  Time since last request: 0.000298 seconds.
  path: Assets/Samples/Input System/1.0.2/InputDeviceTester/InputDeviceTester.asset
  artifactKey: Guid(5c4222eac5d064f888b070a9269a9150) Importer(815301076,1909f56bfc062723c751e8b465ee728b)
Start importing Assets/Samples/Input System/1.0.2/InputDeviceTester/InputDeviceTester.asset using Guid(5c4222eac5d064f888b070a9269a9150) Importer(815301076,1909f56bfc062723c751e8b465ee728b)  -> (artifact id: '5379ec469c3136274aef1d8baf5501d7') in 0.019940 seconds 
  Import took 0.027899 seconds .

========================================================================
Received Import Request.
  Time since last request: 0.000321 seconds.
  path: Assets/Samples/Input System/1.0.2/Gamepad Mouse Cursor/crosshair.png
  artifactKey: Guid(c08500e75c1581d4daacd1a363ff46f6) Importer(815301076,1909f56bfc062723c751e8b465ee728b)
Start importing Assets/Samples/Input System/1.0.2/Gamepad Mouse Cursor/crosshair.png using Guid(c08500e75c1581d4daacd1a363ff46f6) Importer(815301076,1909f56bfc062723c751e8b465ee728b)  -> (artifact id: 'ddb401e5fca27342b09aa62fb6307090') in 0.249115 seconds 
  Import took 0.253806 seconds .

========================================================================
Received Import Request.
  Time since last request: 0.000294 seconds.
  path: Assets/Samples/Input System/1.0.2/Rebinding UI/RebindUISampleActions.inputactions
  artifactKey: Guid(7dead05c54ca85b4681351aafd8bd03a) Importer(815301076,1909f56bfc062723c751e8b465ee728b)
Start importing Assets/Samples/Input System/1.0.2/Rebinding UI/RebindUISampleActions.inputactions using Guid(7dead05c54ca85b4681351aafd8bd03a) Importer(815301076,1909f56bfc062723c751e8b465ee728b)  -> (artifact id: '1f7ba42b3eb9ba1fa45912d01adf65da') in 0.016308 seconds 
  Import took 0.023407 seconds .

========================================================================
Received Import Request.
  Time since last request: 0.000351 seconds.
  path: Assets/Samples/Input System/1.0.2/Simple Multiplayer/Player.prefab
  artifactKey: Guid(e9f16d7642431df438e3f16792e6d57a) Importer(815301076,1909f56bfc062723c751e8b465ee728b)
Start importing Assets/Samples/Input System/1.0.2/Simple Multiplayer/Player.prefab using Guid(e9f16d7642431df438e3f16792e6d57a) Importer(815301076,1909f56bfc062723c751e8b465ee728b)  -> (artifact id: '3fdf253e8c6c38526f794648dc39279a') in 0.052617 seconds 
  Import took 0.059476 seconds .

========================================================================
Received Import Request.
  Time since last request: 0.000291 seconds.
  path: Assets/Samples/Input System/1.0.2/Visualizers/PenVis.prefab
  artifactKey: Guid(15e76881a88c849388ecd62eb8a05750) Importer(815301076,1909f56bfc062723c751e8b465ee728b)
Start importing Assets/Samples/Input System/1.0.2/Visualizers/PenVis.prefab using Guid(15e76881a88c849388ecd62eb8a05750) Importer(815301076,1909f56bfc062723c751e8b465ee728b)  -> (artifact id: 'da522c27db7f8e78c4e8e0e075e8ac59') in 0.017809 seconds 
  Import took 0.034430 seconds .

========================================================================
Received Prepare
Registering precompiled user dll's ...
Registered in 0.007075 seconds.
Begin MonoManager ReloadAssembly
Native extension for WindowsStandalone target not found
Native extension for WebGL target not found
Refreshing native plugins compatible for Editor in 0.46 ms, found 2 plugins.
Preloading 0 native plugins for Editor in 0.00 ms.
Mono: successfully reloaded assembly
- Completed reload, in  1.375 seconds
Platform modules already initialized, skipping
Refreshing native plugins compatible for Editor in 0.51 ms, found 2 plugins.
Preloading 0 native plugins for Editor in 0.00 ms.
Unloading 1845 Unused Serialized files (Serialized files now loaded: 0)
System memory in use before: 85.7 MB.
System memory in use after: 85.8 MB.

Unloading 17 unused Assets to reduce memory usage. Loaded Objects now: 2312.
Total: 3.363200 ms (FindLiveObjects: 0.233400 ms CreateObjectMapping: 0.066300 ms MarkObjects: 2.980000 ms  DeleteObjects: 0.082100 ms)

AssetImportParameters requested are different than current active one (requested -> active):
  custom:framework-win-MediaFoundation: 216162199b28c13a410421893ffa2e32 -> 
  custom:video-decoder-ogg-theora: a1e56fd34408186e4bbccfd4996cb3dc -> 
  custom:container-muxer-webm: aa71ff27fc2769a1b78a27578f13a17b -> 
  custom:container-demuxer-webm: 4f35f7cbe854078d1ac9338744f61a02 -> 
  custom:container-demuxer-ogg: 62fdf1f143b41e24485cea50d1cbac27 -> 
  custom:video-encoder-webm-vp8: eb34c28f22e8b96e1ab97ce403110664 -> 
  custom:video-decoder-webm-vp8: 9c59270c3fd7afecdb556c50c9e8de78 -> 
  custom:audio-decoder-ogg-vorbis: bf7c407c2cedff20999df2af8eb42d56 -> 
  custom:audio-encoder-webm-vorbis: bf7c407c2cedff20999df2af8eb42d56 -> 
========================================================================
Received Prepare
Registering precompiled user dll's ...
Registered in 0.007362 seconds.
Begin MonoManager ReloadAssembly
Native extension for WindowsStandalone target not found
Native extension for WebGL target not found
Refreshing native plugins compatible for Editor in 0.58 ms, found 2 plugins.
Preloading 0 native plugins for Editor in 0.00 ms.
Mono: successfully reloaded assembly
- Completed reload, in  1.510 seconds
Platform modules already initialized, skipping
Refreshing native plugins compatible for Editor in 0.53 ms, found 2 plugins.
Preloading 0 native plugins for Editor in 0.00 ms.
Unloading 1845 Unused Serialized files (Serialized files now loaded: 0)
System memory in use before: 85.7 MB.
System memory in use after: 85.8 MB.

Unloading 15 unused Assets to reduce memory usage. Loaded Objects now: 2315.
Total: 4.622900 ms (FindLiveObjects: 0.234900 ms CreateObjectMapping: 0.079800 ms MarkObjects: 4.237700 ms  DeleteObjects: 0.069100 ms)

AssetImportParameters requested are different than current active one (requested -> active):
  custom:framework-win-MediaFoundation: 216162199b28c13a410421893ffa2e32 -> 
  custom:video-decoder-ogg-theora: a1e56fd34408186e4bbccfd4996cb3dc -> 
  custom:container-muxer-webm: aa71ff27fc2769a1b78a27578f13a17b -> 
  custom:container-demuxer-webm: 4f35f7cbe854078d1ac9338744f61a02 -> 
  custom:container-demuxer-ogg: 62fdf1f143b41e24485cea50d1cbac27 -> 
  custom:video-encoder-webm-vp8: eb34c28f22e8b96e1ab97ce403110664 -> 
  custom:video-decoder-webm-vp8: 9c59270c3fd7afecdb556c50c9e8de78 -> 
  custom:audio-decoder-ogg-vorbis: bf7c407c2cedff20999df2af8eb42d56 -> 
  custom:audio-encoder-webm-vorbis: bf7c407c2cedff20999df2af8eb42d56 -> 
========================================================================
Received Import Request.
  Time since last request: 419.297676 seconds.
  path: Assets/Samples
  artifactKey: Guid(b808d6ecd2edc0d448a2d240dbe3291b) Importer(815301076,1909f56bfc062723c751e8b465ee728b)
Start importing Assets/Samples using Guid(b808d6ecd2edc0d448a2d240dbe3291b) Importer(815301076,1909f56bfc062723c751e8b465ee728b)  -> (artifact id: 'd7958547e9b99746e698bb71c6ec3f35') in 0.028719 seconds 
  Import took 0.046683 seconds .

========================================================================
Received Prepare
Registering precompiled user dll's ...
Registered in 0.006244 seconds.
Begin MonoManager ReloadAssembly
Native extension for WindowsStandalone target not found
Native extension for WebGL target not found
Refreshing native plugins compatible for Editor in 0.55 ms, found 2 plugins.
Preloading 0 native plugins for Editor in 0.00 ms.
Mono: successfully reloaded assembly
- Completed reload, in  1.638 seconds
Platform modules already initialized, skipping
Refreshing native plugins compatible for Editor in 0.66 ms, found 2 plugins.
Preloading 0 native plugins for Editor in 0.00 ms.
Unloading 1824 Unused Serialized files (Serialized files now loaded: 0)
System memory in use before: 85.3 MB.
System memory in use after: 85.4 MB.

Unloading 36 unused Assets to reduce memory usage. Loaded Objects now: 2297.
Total: 2.998900 ms (FindLiveObjects: 0.244300 ms CreateObjectMapping: 0.074700 ms MarkObjects: 2.577400 ms  DeleteObjects: 0.101300 ms)

AssetImportParameters requested are different than current active one (requested -> active):
  custom:framework-win-MediaFoundation: 216162199b28c13a410421893ffa2e32 -> 
  custom:video-decoder-ogg-theora: a1e56fd34408186e4bbccfd4996cb3dc -> 
  custom:container-muxer-webm: aa71ff27fc2769a1b78a27578f13a17b -> 
  custom:container-demuxer-webm: 4f35f7cbe854078d1ac9338744f61a02 -> 
  custom:container-demuxer-ogg: 62fdf1f143b41e24485cea50d1cbac27 -> 
  custom:video-encoder-webm-vp8: eb34c28f22e8b96e1ab97ce403110664 -> 
  custom:video-decoder-webm-vp8: 9c59270c3fd7afecdb556c50c9e8de78 -> 
  custom:audio-decoder-ogg-vorbis: bf7c407c2cedff20999df2af8eb42d56 -> 
  custom:audio-encoder-webm-vorbis: bf7c407c2cedff20999df2af8eb42d56 -> 
